<?xml version="1.0" encoding="UTF-8"?>
<coverage generated="1651043792655" clover="3.2.0">
  <project timestamp="1651043792655" name="All files">
    <metrics statements="51" coveredstatements="51" conditionals="32" coveredconditionals="29" methods="12" coveredmethods="9" elements="95" coveredelements="89" complexity="0" loc="51" ncloc="51" packages="1" files="2" classes="2"/>
    <file name="auth.ts" path="D:\workspace\sino-react-admin\src\utils\auth.ts">
      <metrics statements="26" coveredstatements="26" conditionals="20" coveredconditionals="18" methods="10" coveredmethods="7"/>
      <line num="2" count="1" type="stmt"/>
      <line num="3" count="1" type="stmt"/>
      <line num="5" count="1" type="stmt"/>
      <line num="6" count="1" type="stmt"/>
      <line num="7" count="1" type="stmt"/>
      <line num="9" count="1" type="stmt"/>
      <line num="11" count="1" type="stmt"/>
      <line num="13" count="1" type="stmt"/>
      <line num="15" count="1" type="stmt"/>
      <line num="17" count="2" type="cond" truecount="2" falsecount="0"/>
      <line num="19" count="2" type="stmt"/>
      <line num="21" count="1" type="stmt"/>
      <line num="23" count="1" type="stmt"/>
      <line num="31" count="1" type="cond" truecount="0" falsecount="2"/>
      <line num="32" count="17" type="stmt"/>
      <line num="33" count="5" type="stmt"/>
      <line num="34" count="5" type="stmt"/>
      <line num="35" count="20" type="stmt"/>
      <line num="36" count="12" type="cond" truecount="4" falsecount="0"/>
      <line num="40" count="12" type="cond" truecount="1" falsecount="0"/>
      <line num="41" count="7" type="cond" truecount="2" falsecount="0"/>
      <line num="42" count="6" type="stmt"/>
      <line num="47" count="6" type="cond" truecount="4" falsecount="0"/>
      <line num="48" count="6" type="cond" truecount="3" falsecount="0"/>
      <line num="49" count="6" type="cond" truecount="2" falsecount="0"/>
      <line num="51" count="5" type="stmt"/>
    </file>
    <file name="index.ts" path="D:\workspace\sino-react-admin\src\utils\index.ts">
      <metrics statements="25" coveredstatements="25" conditionals="12" coveredconditionals="11" methods="2" coveredmethods="2"/>
      <line num="1" count="2" type="stmt"/>
      <line num="3" count="2" type="stmt"/>
      <line num="4" count="3" type="stmt"/>
      <line num="5" count="3" type="cond" truecount="5" falsecount="1"/>
      <line num="6" count="2" type="stmt"/>
      <line num="7" count="2" type="stmt"/>
      <line num="9" count="1" type="stmt"/>
      <line num="12" count="3" type="stmt"/>
      <line num="14" count="3" type="stmt"/>
      <line num="16" count="9" type="cond" truecount="5" falsecount="0"/>
      <line num="17" count="3" type="stmt"/>
      <line num="20" count="6" type="stmt"/>
      <line num="22" count="6" type="stmt"/>
      <line num="23" count="6" type="stmt"/>
      <line num="25" count="6" type="cond" truecount="1" falsecount="0"/>
      <line num="26" count="2" type="stmt"/>
      <line num="29" count="6" type="stmt"/>
      <line num="31" count="6" type="stmt"/>
      <line num="33" count="6" type="stmt"/>
      <line num="35" count="6" type="stmt"/>
      <line num="37" count="6" type="stmt"/>
      <line num="39" count="6" type="stmt"/>
      <line num="42" count="6" type="stmt"/>
      <line num="45" count="3" type="stmt"/>
      <line num="47" count="3" type="stmt"/>
    </file>
  </project>
</coverage>
