{"D:\\workspace\\sino-react-admin\\src\\utils\\auth.ts": {"path":"D:\\workspace\\sino-react-admin\\src\\utils\\auth.ts","statementMap":{"0":{"start":{"line":7,"column":0},"end":{"line":7,"column":32}},"1":{"start":{"line":9,"column":13},"end":{"line":9,"column":36}},"2":{"start":{"line":10,"column":13},"end":{"line":10,"column":36}},"3":{"start":{"line":11,"column":13},"end":{"line":11,"column":49}},"4":{"start":{"line":13,"column":24},"end":{"line":13,"column":51}},"5":{"start":{"line":13,"column":30},"end":{"line":13,"column":51}},"6":{"start":{"line":13,"column":13},"end":{"line":13,"column":24}},"7":{"start":{"line":15,"column":24},"end":{"line":15,"column":71}},"8":{"start":{"line":15,"column":43},"end":{"line":15,"column":71}},"9":{"start":{"line":15,"column":13},"end":{"line":15,"column":24}},"10":{"start":{"line":17,"column":27},"end":{"line":17,"column":57}},"11":{"start":{"line":17,"column":33},"end":{"line":17,"column":57}},"12":{"start":{"line":17,"column":13},"end":{"line":17,"column":27}},"13":{"start":{"line":19,"column":27},"end":{"line":19,"column":99}},"14":{"start":{"line":19,"column":47},"end":{"line":19,"column":99}},"15":{"start":{"line":19,"column":13},"end":{"line":19,"column":27}},"16":{"start":{"line":21,"column":27},"end":{"line":21,"column":63}},"17":{"start":{"line":21,"column":33},"end":{"line":21,"column":63}},"18":{"start":{"line":21,"column":13},"end":{"line":21,"column":27}},"19":{"start":{"line":23,"column":30},"end":{"line":23,"column":69}},"20":{"start":{"line":23,"column":36},"end":{"line":23,"column":69}},"21":{"start":{"line":23,"column":13},"end":{"line":23,"column":30}},"22":{"start":{"line":25,"column":13},"end":{"line":25,"column":73}},"23":{"start":{"line":27,"column":13},"end":{"line":27,"column":37}}},"fnMap":{"0":{"name":"(anonymous_1)","decl":{"start":{"line":13,"column":24},"end":{"line":13,"column":27}},"loc":{"start":{"line":13,"column":30},"end":{"line":13,"column":51}}},"1":{"name":"(anonymous_2)","decl":{"start":{"line":15,"column":24},"end":{"line":15,"column":25}},"loc":{"start":{"line":15,"column":43},"end":{"line":15,"column":71}}},"2":{"name":"(anonymous_3)","decl":{"start":{"line":17,"column":27},"end":{"line":17,"column":30}},"loc":{"start":{"line":17,"column":33},"end":{"line":17,"column":57}}},"3":{"name":"(anonymous_4)","decl":{"start":{"line":19,"column":27},"end":{"line":19,"column":28}},"loc":{"start":{"line":19,"column":47},"end":{"line":19,"column":99}}},"4":{"name":"(anonymous_5)","decl":{"start":{"line":21,"column":27},"end":{"line":21,"column":30}},"loc":{"start":{"line":21,"column":33},"end":{"line":21,"column":63}}},"5":{"name":"(anonymous_6)","decl":{"start":{"line":23,"column":30},"end":{"line":23,"column":33}},"loc":{"start":{"line":23,"column":36},"end":{"line":23,"column":69}}}},"branchMap":{},"s":{"0":1,"1":1,"2":1,"3":1,"4":1,"5":0,"6":1,"7":1,"8":0,"9":1,"10":1,"11":0,"12":1,"13":1,"14":1,"15":1,"16":1,"17":1,"18":1,"19":1,"20":0,"21":1,"22":1,"23":1},"f":{"0":0,"1":0,"2":0,"3":1,"4":1,"5":0},"b":{}}
}
