{"D:\\workspace\\sino-react-admin\\src\\utils\\auth.ts": {"path":"D:\\workspace\\sino-react-admin\\src\\utils\\auth.ts","statementMap":{"0":{"start":{"line":2,"column":0},"end":{"line":2,"column":32}},"1":{"start":{"line":3,"column":0},"end":{"line":3,"column":49}},"2":{"start":{"line":5,"column":13},"end":{"line":5,"column":36}},"3":{"start":{"line":6,"column":13},"end":{"line":6,"column":36}},"4":{"start":{"line":7,"column":13},"end":{"line":7,"column":49}},"5":{"start":{"line":9,"column":24},"end":{"line":9,"column":51}},"6":{"start":{"line":9,"column":30},"end":{"line":9,"column":51}},"7":{"start":{"line":9,"column":13},"end":{"line":9,"column":24}},"8":{"start":{"line":11,"column":24},"end":{"line":11,"column":71}},"9":{"start":{"line":11,"column":43},"end":{"line":11,"column":71}},"10":{"start":{"line":11,"column":13},"end":{"line":11,"column":24}},"11":{"start":{"line":13,"column":27},"end":{"line":13,"column":57}},"12":{"start":{"line":13,"column":33},"end":{"line":13,"column":57}},"13":{"start":{"line":13,"column":13},"end":{"line":13,"column":27}},"14":{"start":{"line":15,"column":27},"end":{"line":15,"column":99}},"15":{"start":{"line":15,"column":47},"end":{"line":15,"column":99}},"16":{"start":{"line":15,"column":13},"end":{"line":15,"column":27}},"17":{"start":{"line":17,"column":27},"end":{"line":17,"column":83}},"18":{"start":{"line":17,"column":33},"end":{"line":17,"column":83}},"19":{"start":{"line":17,"column":13},"end":{"line":17,"column":27}},"20":{"start":{"line":19,"column":30},"end":{"line":19,"column":69}},"21":{"start":{"line":19,"column":36},"end":{"line":19,"column":69}},"22":{"start":{"line":19,"column":13},"end":{"line":19,"column":30}},"23":{"start":{"line":21,"column":13},"end":{"line":21,"column":73}},"24":{"start":{"line":23,"column":13},"end":{"line":23,"column":37}},"25":{"start":{"line":32,"column":26},"end":{"line":32,"column":84}},"26":{"start":{"line":32,"column":72},"end":{"line":32,"column":83}},"27":{"start":{"line":33,"column":16},"end":{"line":33,"column":20}},"28":{"start":{"line":34,"column":2},"end":{"line":50,"column":9}},"29":{"start":{"line":35,"column":25},"end":{"line":35,"column":74}},"30":{"start":{"line":35,"column":48},"end":{"line":35,"column":73}},"31":{"start":{"line":36,"column":15},"end":{"line":36,"column":31}},"32":{"start":{"line":40,"column":4},"end":{"line":43,"column":null}},"33":{"start":{"line":41,"column":6},"end":{"line":42,"column":21}},"34":{"start":{"line":41,"column":15},"end":{"line":41,"column":31}},"35":{"start":{"line":42,"column":11},"end":{"line":42,"column":21}},"36":{"start":{"line":47,"column":21},"end":{"line":47,"column":43}},"37":{"start":{"line":48,"column":4},"end":{"line":48,"column":49}},"38":{"start":{"line":48,"column":33},"end":{"line":48,"column":49}},"39":{"start":{"line":49,"column":4},"end":{"line":49,"column":20}},"40":{"start":{"line":51,"column":2},"end":{"line":51,"column":17}},"41":{"start":{"line":31,"column":0},"end":{"line":31,"column":16}}},"fnMap":{"0":{"name":"(anonymous_1)","decl":{"start":{"line":9,"column":24},"end":{"line":9,"column":27}},"loc":{"start":{"line":9,"column":30},"end":{"line":9,"column":51}}},"1":{"name":"(anonymous_2)","decl":{"start":{"line":11,"column":24},"end":{"line":11,"column":25}},"loc":{"start":{"line":11,"column":43},"end":{"line":11,"column":71}}},"2":{"name":"(anonymous_3)","decl":{"start":{"line":13,"column":27},"end":{"line":13,"column":30}},"loc":{"start":{"line":13,"column":33},"end":{"line":13,"column":57}}},"3":{"name":"(anonymous_4)","decl":{"start":{"line":15,"column":27},"end":{"line":15,"column":28}},"loc":{"start":{"line":15,"column":47},"end":{"line":15,"column":99}}},"4":{"name":"(anonymous_5)","decl":{"start":{"line":17,"column":27},"end":{"line":17,"column":30}},"loc":{"start":{"line":17,"column":33},"end":{"line":17,"column":83}}},"5":{"name":"(anonymous_6)","decl":{"start":{"line":19,"column":30},"end":{"line":19,"column":33}},"loc":{"start":{"line":19,"column":36},"end":{"line":19,"column":69}}},"6":{"name":"hasAuth","decl":{"start":{"line":31,"column":16},"end":{"line":31,"column":23}},"loc":{"start":{"line":31,"column":61},"end":{"line":52,"column":1}}},"7":{"name":"(anonymous_8)","decl":{"start":{"line":32,"column":54},"end":{"line":32,"column":55}},"loc":{"start":{"line":32,"column":72},"end":{"line":32,"column":83}}},"8":{"name":"(anonymous_9)","decl":{"start":{"line":34,"column":16},"end":{"line":34,"column":17}},"loc":{"start":{"line":34,"column":61},"end":{"line":50,"column":3}}},"9":{"name":"(anonymous_10)","decl":{"start":{"line":35,"column":40},"end":{"line":35,"column":44}},"loc":{"start":{"line":35,"column":48},"end":{"line":35,"column":73}}}},"branchMap":{"0":{"loc":{"start":{"line":17,"column":44},"end":{"line":17,"column":82}},"type":"binary-expr","locations":[{"start":{"line":17,"column":44},"end":{"line":17,"column":74}},{"start":{"line":17,"column":78},"end":{"line":17,"column":82}}]},"1":{"loc":{"start":{"line":31,"column":24},"end":{"line":31,"column":45}},"type":"default-arg","locations":[{"start":{"line":31,"column":43},"end":{"line":31,"column":45}}]},"2":{"loc":{"start":{"line":31,"column":47},"end":{"line":31,"column":61}},"type":"default-arg","locations":[{"start":{"line":31,"column":58},"end":{"line":31,"column":61}}]},"3":{"loc":{"start":{"line":36,"column":15},"end":{"line":36,"column":31}},"type":"cond-expr","locations":[{"start":{"line":36,"column":27},"end":{"line":36,"column":29}},{"start":{"line":36,"column":15},"end":{"line":36,"column":31}}]},"4":{"loc":{"start":{"line":36,"column":15},"end":{"line":36,"column":29}},"type":"binary-expr","locations":[{"start":{"line":36,"column":15},"end":{"line":36,"column":29}},{"start":{"line":36,"column":15},"end":{"line":36,"column":29}}]},"5":{"loc":{"start":{"line":40,"column":4},"end":{"line":43,"column":null}},"type":"if","locations":[{"start":{"line":40,"column":4},"end":{"line":43,"column":null}}]},"6":{"loc":{"start":{"line":41,"column":6},"end":{"line":42,"column":21}},"type":"if","locations":[{"start":{"line":41,"column":6},"end":{"line":42,"column":21}},{"start":{"line":42,"column":11},"end":{"line":42,"column":21}}]},"7":{"loc":{"start":{"line":47,"column":21},"end":{"line":47,"column":43}},"type":"cond-expr","locations":[{"start":{"line":47,"column":33},"end":{"line":47,"column":35}},{"start":{"line":47,"column":21},"end":{"line":47,"column":43}}]},"8":{"loc":{"start":{"line":47,"column":21},"end":{"line":47,"column":35}},"type":"binary-expr","locations":[{"start":{"line":47,"column":21},"end":{"line":47,"column":35}},{"start":{"line":47,"column":21},"end":{"line":47,"column":35}}]},"9":{"loc":{"start":{"line":48,"column":4},"end":{"line":48,"column":49}},"type":"if","locations":[{"start":{"line":48,"column":4},"end":{"line":48,"column":49}}]},"10":{"loc":{"start":{"line":48,"column":8},"end":{"line":48,"column":31}},"type":"binary-expr","locations":[{"start":{"line":48,"column":8},"end":{"line":48,"column":11}},{"start":{"line":48,"column":15},"end":{"line":48,"column":31}}]},"11":{"loc":{"start":{"line":49,"column":11},"end":{"line":49,"column":19}},"type":"binary-expr","locations":[{"start":{"line":49,"column":11},"end":{"line":49,"column":13}},{"start":{"line":49,"column":17},"end":{"line":49,"column":19}}]}},"s":{"0":1,"1":1,"2":1,"3":1,"4":1,"5":1,"6":0,"7":1,"8":1,"9":0,"10":1,"11":1,"12":0,"13":1,"14":1,"15":1,"16":1,"17":1,"18":2,"19":1,"20":1,"21":2,"22":1,"23":1,"24":1,"25":5,"26":17,"27":5,"28":5,"29":12,"30":20,"31":12,"32":12,"33":7,"34":1,"35":6,"36":6,"37":6,"38":4,"39":6,"40":5,"41":1},"f":{"0":0,"1":0,"2":0,"3":1,"4":2,"5":2,"6":5,"7":17,"8":12,"9":20},"b":{"0":[2,1],"1":[0],"2":[0],"3":[4,8],"4":[12,12],"5":[7],"6":[1,6],"7":[4,2],"8":[6,6],"9":[4],"10":[6,2],"11":[6,4]}}
,"D:\\workspace\\sino-react-admin\\src\\utils\\index.ts": {"path":"D:\\workspace\\sino-react-admin\\src\\utils\\index.ts","statementMap":{"0":{"start":{"line":1,"column":0},"end":{"line":1,"column":47}},"1":{"start":{"line":4,"column":27},"end":{"line":4,"column":29}},"2":{"start":{"line":5,"column":2},"end":{"line":10,"column":null}},"3":{"start":{"line":6,"column":4},"end":{"line":6,"column":33}},"4":{"start":{"line":7,"column":4},"end":{"line":7,"column":54}},"5":{"start":{"line":9,"column":4},"end":{"line":9,"column":28}},"6":{"start":{"line":12,"column":32},"end":{"line":12,"column":34}},"7":{"start":{"line":14,"column":21},"end":{"line":43,"column":3}},"8":{"start":{"line":16,"column":4},"end":{"line":18,"column":null}},"9":{"start":{"line":17,"column":6},"end":{"line":17,"column":13}},"10":{"start":{"line":20,"column":29},"end":{"line":20,"column":31}},"11":{"start":{"line":22,"column":4},"end":{"line":40,"column":null}},"12":{"start":{"line":23,"column":24},"end":{"line":23,"column":26}},"13":{"start":{"line":25,"column":6},"end":{"line":27,"column":null}},"14":{"start":{"line":26,"column":8},"end":{"line":26,"column":37}},"15":{"start":{"line":29,"column":20},"end":{"line":29,"column":49}},"16":{"start":{"line":31,"column":35},"end":{"line":31,"column":56}},"17":{"start":{"line":33,"column":6},"end":{"line":33,"column":41}},"18":{"start":{"line":35,"column":25},"end":{"line":35,"column":64}},"19":{"start":{"line":37,"column":6},"end":{"line":37,"column":35}},"20":{"start":{"line":39,"column":7},"end":{"line":39,"column":80}},"21":{"start":{"line":42,"column":4},"end":{"line":42,"column":23}},"22":{"start":{"line":45,"column":16},"end":{"line":45,"column":36}},"23":{"start":{"line":47,"column":2},"end":{"line":47,"column":28}},"24":{"start":{"line":3,"column":0},"end":{"line":3,"column":16}}},"fnMap":{"0":{"name":"extractTree","decl":{"start":{"line":3,"column":16},"end":{"line":3,"column":27}},"loc":{"start":{"line":3,"column":120},"end":{"line":48,"column":1}}},"1":{"name":"(anonymous_1)","decl":{"start":{"line":14,"column":21},"end":{"line":14,"column":22}},"loc":{"start":{"line":14,"column":45},"end":{"line":43,"column":3}}}},"branchMap":{"0":{"loc":{"start":{"line":5,"column":2},"end":{"line":10,"column":null}},"type":"if","locations":[{"start":{"line":5,"column":2},"end":{"line":10,"column":null}},{"start":{"line":8,"column":9},"end":{"line":10,"column":null}}]},"1":{"loc":{"start":{"line":5,"column":7},"end":{"line":5,"column":27}},"type":"cond-expr","locations":[{"start":{"line":5,"column":19},"end":{"line":5,"column":21}},{"start":{"line":5,"column":7},"end":{"line":5,"column":27}}]},"2":{"loc":{"start":{"line":5,"column":7},"end":{"line":5,"column":21}},"type":"binary-expr","locations":[{"start":{"line":5,"column":7},"end":{"line":5,"column":21}},{"start":{"line":5,"column":7},"end":{"line":5,"column":21}}]},"3":{"loc":{"start":{"line":16,"column":4},"end":{"line":18,"column":null}},"type":"if","locations":[{"start":{"line":16,"column":4},"end":{"line":18,"column":null}}]},"4":{"loc":{"start":{"line":16,"column":9},"end":{"line":16,"column":26}},"type":"cond-expr","locations":[{"start":{"line":16,"column":18},"end":{"line":16,"column":20}},{"start":{"line":16,"column":9},"end":{"line":16,"column":26}}]},"5":{"loc":{"start":{"line":16,"column":9},"end":{"line":16,"column":20}},"type":"binary-expr","locations":[{"start":{"line":16,"column":9},"end":{"line":16,"column":20}},{"start":{"line":16,"column":9},"end":{"line":16,"column":20}}]},"6":{"loc":{"start":{"line":25,"column":6},"end":{"line":27,"column":null}},"type":"if","locations":[{"start":{"line":25,"column":6},"end":{"line":27,"column":null}}]}},"s":{"0":2,"1":3,"2":3,"3":2,"4":2,"5":1,"6":3,"7":3,"8":9,"9":3,"10":6,"11":6,"12":6,"13":6,"14":2,"15":6,"16":6,"17":6,"18":6,"19":6,"20":6,"21":6,"22":3,"23":3,"24":2},"f":{"0":3,"1":9},"b":{"0":[2,1],"1":[0,3],"2":[3,3],"3":[3],"4":[3,6],"5":[9,9],"6":[2]}}
}
