TN:
SF:src\utils\auth.ts
FN:9,(anonymous_1)
FN:11,(anonymous_2)
FN:13,(anonymous_3)
FN:15,(anonymous_4)
FN:17,(anonymous_5)
FN:19,(anonymous_6)
FN:31,hasAuth
FN:32,(anonymous_8)
FN:34,(anonymous_9)
FN:35,(anonymous_10)
FNF:10
FNH:7
FNDA:0,(anonymous_1)
FNDA:0,(anonymous_2)
FNDA:0,(anonymous_3)
FNDA:1,(anonymous_4)
FNDA:2,(anonymous_5)
FNDA:2,(anonymous_6)
FNDA:5,hasAuth
FNDA:17,(anonymous_8)
FNDA:12,(anonymous_9)
FNDA:20,(anonymous_10)
DA:2,1
DA:3,1
DA:5,1
DA:6,1
DA:7,1
DA:9,1
DA:11,1
DA:13,1
DA:15,1
DA:17,2
DA:19,2
DA:21,1
DA:23,1
DA:31,1
DA:32,17
DA:33,5
DA:34,5
DA:35,20
DA:36,12
DA:40,12
DA:41,7
DA:42,6
DA:47,6
DA:48,6
DA:49,6
DA:51,5
LF:26
LH:26
BRDA:17,0,0,2
BRDA:17,0,1,1
BRDA:31,1,0,0
BRDA:31,2,0,0
BRDA:36,3,0,4
BRDA:36,3,1,8
BRDA:36,4,0,12
BRDA:36,4,1,12
BRDA:40,5,0,7
BRDA:41,6,0,1
BRDA:41,6,1,6
BRDA:47,7,0,4
BRDA:47,7,1,2
BRDA:47,8,0,6
BRDA:47,8,1,6
BRDA:48,9,0,4
BRDA:48,10,0,6
BRDA:48,10,1,2
BRDA:49,11,0,6
BRDA:49,11,1,4
BRF:20
BRH:18
end_of_record
TN:
SF:src\utils\index.ts
FN:3,extractTree
FN:14,(anonymous_1)
FNF:2
FNH:2
FNDA:3,extractTree
FNDA:9,(anonymous_1)
DA:1,2
DA:3,2
DA:4,3
DA:5,3
DA:6,2
DA:7,2
DA:9,1
DA:12,3
DA:14,3
DA:16,9
DA:17,3
DA:20,6
DA:22,6
DA:23,6
DA:25,6
DA:26,2
DA:29,6
DA:31,6
DA:33,6
DA:35,6
DA:37,6
DA:39,6
DA:42,6
DA:45,3
DA:47,3
LF:25
LH:25
BRDA:5,0,0,2
BRDA:5,0,1,1
BRDA:5,1,0,0
BRDA:5,1,1,3
BRDA:5,2,0,3
BRDA:5,2,1,3
BRDA:16,3,0,3
BRDA:16,4,0,3
BRDA:16,4,1,6
BRDA:16,5,0,9
BRDA:16,5,1,9
BRDA:25,6,0,2
BRF:12
BRH:11
end_of_record
